TID: 135946436118336, Event: TXN_BEGIN Line: 0
TID: 135946436118336, Event: TXN_BEGIN Line: 0
TID: 135946436118336, Event: TXN_END Line: 74
TID: 135946436118336, Event: TXN_END Line: 0
Thread begin: Parent TID: 0, Child TID: 135946436118336 at line 14
TID: 135946436118336, Event: WRITE ADDR: 0x7ffead4ba36c, Size (B): 4, Line: 0
TID: 135946436118336, Event: READ ADDR: 0x7ffead4ba360, Size (B): 8, Line: 17
Thread begin: Parent TID: 135946436118336, Child TID: 135946429265472 at line 16
TID: 135946436118336, Event: READ ADDR: 0x7ffead4ba358, Size (B): 8, Line: 18
Thread begin: Parent TID: 135946436118336, Child TID: 135946420872768 at line 17
TID: 135946436118336, Event: READ ADDR: 0x7ffead4ba360, Size (B): 8, Line: 18
TID: 135946429265472, Event: TXN_BEGIN Line: 7
TID: 135946429265472, Event: WRITE ADDR: 0x7ba47e9fee48, Size (B): 8, Line: 0
Lock acquire: TID: 135946429265472, Lock address: 0x6021f0a9d0f8 at line 8
TID: 135946429265472, Event: READ ADDR: 0x6021f0a9d0f4, Size (B): 4, Line: 9
TID: 135946429265472, Event: WRITE ADDR: 0x6021f0a9d0f4, Size (B): 4, Line: 9
Lock release: TID: 135946429265472, Lock address: 0x6021f0a9d0f8 at line 10
TID: 135946429265472, Event: TXN_END Line: 11
TID: 135946420872768, Event: TXN_BEGIN Line: 7
TID: 135946420872768, Event: WRITE ADDR: 0x7ba47e1fde48, Size (B): 8, Line: 0
Thread ended: TID: 135946429265472 at line 18
TID: 135946436118336, Event: READ ADDR: 0x7ffead4ba358, Size (B): 8, Line: 19
Lock acquire: TID: 135946420872768, Lock address: 0x6021f0a9d0f8 at line 8
TID: 135946420872768, Event: READ ADDR: 0x6021f0a9d0f4, Size (B): 4, Line: 9
TID: 135946420872768, Event: WRITE ADDR: 0x6021f0a9d0f4, Size (B): 4, Line: 9
Lock release: TID: 135946420872768, Lock address: 0x6021f0a9d0f8 at line 10
TID: 135946420872768, Event: TXN_END Line: 11
Thread ended: TID: 135946420872768 at line 19
TID: 135946436118336, Event: READ ADDR: 0x6021f0a9d0f4, Size (B): 4, Line: 20
TID: 135946436118336, Event: TXN_END Line: 21
